Arguments: 
  C:\Program Files\nodejs\node.exe C:\Users\91836\AppData\Roaming\npm\node_modules\yarn\bin\yarn.js add v1.22.10

PATH: 
  C:\windows\system32;C:\windows;C:\windows\System32\Wbem;C:\windows\System32\WindowsPowerShell\v1.0\;C:\windows\System32\OpenSSH\;C:\Program Files (x86)\NVIDIA Corporation\PhysX\Common;C:\Program Files\NVIDIA Corporation\NVIDIA NvDLISR;C:\Program Files\nodejs\;C:\Program Files\Git\cmd;C:\Users\91836\AppData\Local\Microsoft\WindowsApps;C:\Users\91836\AppData\Local\Programs\Microsoft VS Code\bin;"C:\Users\91836\AppData\Roaming\npm;C:\Program Files\node js";C:\Users\91836\AppData\Roaming\npm;C:\Users\91836\AppData\Local\Android\Sdk\platform-tools;C:\Program Files\heroku\bin

Yarn version: 
  1.22.10

Node version: 
  14.15.4

Platform: 
  win32 x64

Trace: 
  Error: https://registry.yarnpkg.com/v1.22.10: Not found
      at Request.params.callback [as _callback] (C:\Users\91836\AppData\Roaming\npm\node_modules\yarn\lib\cli.js:66988:18)
      at Request.self.callback (C:\Users\91836\AppData\Roaming\npm\node_modules\yarn\lib\cli.js:140662:22)
      at Request.emit (events.js:315:20)
      at Request.<anonymous> (C:\Users\91836\AppData\Roaming\npm\node_modules\yarn\lib\cli.js:141634:10)
      at Request.emit (events.js:315:20)
      at IncomingMessage.<anonymous> (C:\Users\91836\AppData\Roaming\npm\node_modules\yarn\lib\cli.js:141556:12)
      at Object.onceWrapper (events.js:421:28)
      at IncomingMessage.emit (events.js:327:22)
      at endReadableNT (internal/streams/readable.js:1327:12)
      at processTicksAndRejections (internal/process/task_queues.js:80:21)

npm manifest: 
  {
    "name": "video_call",
    "version": "1.0.0",
    "description": "",
    "main": "index.js",
    "scripts": {
      "start": "node index.js",
      "test": "echo \"Error: no test specified\" && exit 1",
      "serve": "nodemon server.js"
    },
    "keywords": [],
    "author": "",
    "license": "ISC",
    "dependencies": {
      "cors": "^2.8.5",
      "express": "^4.17.1",
      "nodemon": "^2.0.7",
      "react-copy-to-clipboard": "^5.0.3",
      "simple-peer": "^9.11.0",
      "socket.io": "^4.1.1",
      "socket.io-client": "^4.1.1"
    },
    "devDependencies": {
      "emailjs-com": "^2.6.4"
    }
  }

yarn manifest: 
  No manifest

Lockfile: 
  No lockfile
